c:\users\tshep\onedrive\desktop\honors\itesa\test\project1\project1\debug\vc143.pdb
c:\users\tshep\onedrive\desktop\honors\itesa\test\project1\project1\debug\vc143.idb
c:\users\tshep\onedrive\desktop\honors\itesa\test\project1\project1\debug\main.obj
c:\users\tshep\onedrive\desktop\honors\itesa\test\project1\project1\debug\timers.obj
c:\users\tshep\onedrive\desktop\honors\itesa\test\project1\project1\debug\tasks.obj
c:\users\tshep\onedrive\desktop\honors\itesa\test\project1\project1\debug\stream_buffer.obj
c:\users\tshep\onedrive\desktop\honors\itesa\test\project1\project1\debug\queue.obj
c:\users\tshep\onedrive\desktop\honors\itesa\test\project1\project1\debug\port.obj
c:\users\tshep\onedrive\desktop\honors\itesa\test\project1\project1\debug\heap_4.obj
c:\users\tshep\onedrive\desktop\honors\itesa\test\project1\project1\debug\list.obj
c:\users\tshep\onedrive\desktop\honors\itesa\test\project1\project1\debug\event_groups.obj
c:\users\tshep\onedrive\desktop\honors\itesa\test\project1\project1\debug\croutine.obj
c:\users\tshep\onedrive\desktop\honors\itesa\test\project1\debug\project1.exe
c:\users\tshep\onedrive\desktop\honors\itesa\test\project1\debug\project1.pdb
c:\users\tshep\onedrive\desktop\honors\itesa\test\project1\project1\debug\project1.ilk
c:\users\tshep\onedrive\desktop\honors\itesa\test\project1\project1\debug\project1.tlog\cl.command.1.tlog
c:\users\tshep\onedrive\desktop\honors\itesa\test\project1\project1\debug\project1.tlog\cl.items.tlog
c:\users\tshep\onedrive\desktop\honors\itesa\test\project1\project1\debug\project1.tlog\cl.read.1.tlog
c:\users\tshep\onedrive\desktop\honors\itesa\test\project1\project1\debug\project1.tlog\cl.write.1.tlog
c:\users\tshep\onedrive\desktop\honors\itesa\test\project1\project1\debug\project1.tlog\link.command.1.tlog
c:\users\tshep\onedrive\desktop\honors\itesa\test\project1\project1\debug\project1.tlog\link.read.1.tlog
c:\users\tshep\onedrive\desktop\honors\itesa\test\project1\project1\debug\project1.tlog\link.secondary.1.tlog
c:\users\tshep\onedrive\desktop\honors\itesa\test\project1\project1\debug\project1.tlog\link.write.1.tlog
